23:33:46.337 [main] DEBUG tests.LogincTest - Browser got launched
23:33:47.663 [main] DEBUG tests.LogincTest - Navigated to application URL
23:33:47.820 [main] DEBUG tests.LogincTest - Clicked on My Account dropdown
23:33:48.220 [main] DEBUG tests.LogincTest - Clicked on login option
23:33:48.392 [main] DEBUG tests.LogincTest - Email addressed got entered
23:33:48.486 [main] DEBUG tests.LogincTest - Password got entered
23:33:49.124 [main] DEBUG tests.LogincTest - Clicked on Login Button
23:33:49.290 [main] DEBUG tests.LogincTest - User got logged in
23:33:49.292 [main] INFO  tests.LogincTest - Login Test got passed
23:33:49.435 [main] DEBUG tests.LogincTest - Browser got closed
23:33:51.299 [main] DEBUG tests.LogincTest - Browser got launched
23:33:52.416 [main] DEBUG tests.LogincTest - Navigated to application URL
23:33:52.538 [main] DEBUG tests.LogincTest - Clicked on My Account dropdown
23:33:52.901 [main] DEBUG tests.LogincTest - Clicked on login option
23:33:53.062 [main] DEBUG tests.LogincTest - Email addressed got entered
23:33:53.165 [main] DEBUG tests.LogincTest - Password got entered
23:33:53.659 [main] DEBUG tests.LogincTest - Clicked on Login Button
23:34:03.786 [main] DEBUG tests.LogincTest - User didn't log in
23:34:03.786 [main] INFO  tests.LogincTest - Login Test got passed
23:34:03.952 [main] DEBUG tests.LogincTest - Browser got closed
23:39:16.988 [TestNG-tests-4] DEBUG tests.LogincTest - Browser got launched
23:39:19.760 [TestNG-tests-4] DEBUG tests.LogincTest - Navigated to application URL
23:39:19.940 [TestNG-tests-4] DEBUG tests.LogincTest - Clicked on My Account dropdown
23:39:20.493 [TestNG-tests-4] DEBUG tests.LogincTest - Clicked on login option
23:39:20.673 [TestNG-tests-4] DEBUG tests.LogincTest - Email addressed got entered
23:39:20.774 [TestNG-tests-4] DEBUG tests.LogincTest - Password got entered
23:39:22.202 [TestNG-tests-4] DEBUG tests.LogincTest - Clicked on Login Button
23:39:22.292 [TestNG-tests-4] DEBUG tests.LogincTest - User got logged in
23:39:22.293 [TestNG-tests-4] INFO  tests.LogincTest - Login Test got passed
23:39:26.492 [TestNG-tests-4] DEBUG tests.LogincTest - Browser got closed
23:39:30.447 [TestNG-tests-4] DEBUG tests.LogincTest - Browser got launched
23:39:31.577 [TestNG-tests-4] DEBUG tests.LogincTest - Navigated to application URL
23:39:31.693 [TestNG-tests-4] DEBUG tests.LogincTest - Clicked on My Account dropdown
23:39:32.053 [TestNG-tests-4] DEBUG tests.LogincTest - Clicked on login option
23:39:32.208 [TestNG-tests-4] DEBUG tests.LogincTest - Email addressed got entered
23:39:32.305 [TestNG-tests-4] DEBUG tests.LogincTest - Password got entered
23:39:32.892 [TestNG-tests-4] DEBUG tests.LogincTest - Clicked on Login Button
23:39:43.000 [TestNG-tests-4] DEBUG tests.LogincTest - User didn't log in
23:39:43.000 [TestNG-tests-4] INFO  tests.LogincTest - Login Test got passed
23:39:43.089 [TestNG-tests-4] DEBUG tests.LogincTest - Browser got closed
23:40:35.084 [TestNG-tests-4] DEBUG tests.LogincTest - Browser got launched
23:40:42.656 [TestNG-tests-4] DEBUG tests.LogincTest - Navigated to application URL
23:40:43.268 [TestNG-tests-4] DEBUG tests.LogincTest - Clicked on My Account dropdown
23:40:43.799 [TestNG-tests-4] DEBUG tests.LogincTest - Clicked on login option
23:40:43.948 [TestNG-tests-4] DEBUG tests.LogincTest - Email addressed got entered
23:40:44.072 [TestNG-tests-4] DEBUG tests.LogincTest - Password got entered
23:40:44.775 [TestNG-tests-4] DEBUG tests.LogincTest - Clicked on Login Button
23:40:44.889 [TestNG-tests-4] DEBUG tests.LogincTest - User got logged in
23:40:44.891 [TestNG-tests-4] INFO  tests.LogincTest - Login Test got passed
23:40:47.020 [TestNG-tests-4] DEBUG tests.LogincTest - Browser got closed
23:40:53.523 [TestNG-tests-4] DEBUG tests.LogincTest - Browser got launched
23:40:54.672 [TestNG-tests-4] DEBUG tests.LogincTest - Navigated to application URL
23:40:54.764 [TestNG-tests-4] DEBUG tests.LogincTest - Clicked on My Account dropdown
23:40:55.152 [TestNG-tests-4] DEBUG tests.LogincTest - Clicked on login option
23:40:55.298 [TestNG-tests-4] DEBUG tests.LogincTest - Email addressed got entered
23:40:55.390 [TestNG-tests-4] DEBUG tests.LogincTest - Password got entered
23:40:55.907 [TestNG-tests-4] DEBUG tests.LogincTest - Clicked on Login Button
23:41:06.242 [TestNG-tests-4] DEBUG tests.LogincTest - User didn't log in
23:41:06.242 [TestNG-tests-4] INFO  tests.LogincTest - Login Test got passed
23:41:06.733 [TestNG-tests-4] DEBUG tests.LogincTest - Browser got closed
23:41:15.203 [TestNG-tests-4] DEBUG tests.LogincTest - Browser got launched
23:41:20.563 [TestNG-tests-4] DEBUG tests.LogincTest - Navigated to application URL
23:41:21.037 [TestNG-tests-4] DEBUG tests.LogincTest - Clicked on My Account dropdown
23:41:21.673 [TestNG-tests-4] DEBUG tests.LogincTest - Clicked on login option
23:41:21.867 [TestNG-tests-4] DEBUG tests.LogincTest - Email addressed got entered
23:41:22.098 [TestNG-tests-4] DEBUG tests.LogincTest - Password got entered
23:41:23.855 [TestNG-tests-4] DEBUG tests.LogincTest - Clicked on Login Button
23:41:24.070 [TestNG-tests-4] DEBUG tests.LogincTest - User got logged in
23:41:24.074 [TestNG-tests-4] INFO  tests.LogincTest - Login Test got passed
23:41:24.304 [TestNG-tests-4] DEBUG tests.LogincTest - Browser got closed
23:41:29.238 [TestNG-tests-4] DEBUG tests.LogincTest - Browser got launched
23:41:30.571 [TestNG-tests-4] DEBUG tests.LogincTest - Navigated to application URL
23:41:30.689 [TestNG-tests-4] DEBUG tests.LogincTest - Clicked on My Account dropdown
23:41:31.088 [TestNG-tests-4] DEBUG tests.LogincTest - Clicked on login option
23:41:31.248 [TestNG-tests-4] DEBUG tests.LogincTest - Email addressed got entered
23:41:31.348 [TestNG-tests-4] DEBUG tests.LogincTest - Password got entered
23:41:31.938 [TestNG-tests-4] DEBUG tests.LogincTest - Clicked on Login Button
23:41:42.081 [TestNG-tests-4] DEBUG tests.LogincTest - User didn't log in
23:41:42.081 [TestNG-tests-4] INFO  tests.LogincTest - Login Test got passed
23:41:42.172 [TestNG-tests-4] DEBUG tests.LogincTest - Browser got closed
15:58:39.202 [TestNG-tests-4] DEBUG tests.LogincTest - Browser got launched
15:58:42.436 [TestNG-tests-4] DEBUG tests.LogincTest - Navigated to application URL
15:58:43.101 [TestNG-tests-4] DEBUG tests.LogincTest - Clicked on My Account dropdown
15:58:44.317 [TestNG-tests-4] DEBUG tests.LogincTest - Clicked on login option
15:58:45.192 [TestNG-tests-4] DEBUG tests.LogincTest - Email addressed got entered
15:58:45.365 [TestNG-tests-4] DEBUG tests.LogincTest - Password got entered
15:58:46.046 [TestNG-tests-4] DEBUG tests.LogincTest - Clicked on Login Button
15:58:46.442 [TestNG-tests-4] DEBUG tests.LogincTest - User got logged in
15:58:46.442 [TestNG-tests-4] INFO  tests.LogincTest - Login Test got passed
15:58:46.611 [TestNG-tests-4] DEBUG tests.LogincTest - Browser got closed
15:58:48.459 [TestNG-tests-4] DEBUG tests.LogincTest - Browser got launched
15:58:50.584 [TestNG-tests-4] DEBUG tests.LogincTest - Navigated to application URL
15:58:50.694 [TestNG-tests-4] DEBUG tests.LogincTest - Clicked on My Account dropdown
15:58:51.037 [TestNG-tests-4] DEBUG tests.LogincTest - Clicked on login option
15:58:51.186 [TestNG-tests-4] DEBUG tests.LogincTest - Email addressed got entered
15:58:51.301 [TestNG-tests-4] DEBUG tests.LogincTest - Password got entered
15:58:51.740 [TestNG-tests-4] DEBUG tests.LogincTest - Clicked on Login Button
15:59:01.878 [TestNG-tests-4] DEBUG tests.LogincTest - User didn't log in
15:59:01.878 [TestNG-tests-4] INFO  tests.LogincTest - Login Test got passed
15:59:02.447 [TestNG-tests-4] DEBUG tests.LogincTest - Browser got closed
16:02:39.666 [TestNG-tests-4] DEBUG tests.LogincTest - Browser got launched
16:02:41.210 [TestNG-tests-4] DEBUG tests.LogincTest - Navigated to application URL
16:02:42.371 [TestNG-tests-4] DEBUG tests.LogincTest - Clicked on My Account dropdown
16:02:45.067 [TestNG-tests-4] DEBUG tests.LogincTest - Clicked on login option
16:02:45.482 [TestNG-tests-4] DEBUG tests.LogincTest - Email addressed got entered
16:02:45.625 [TestNG-tests-4] DEBUG tests.LogincTest - Password got entered
16:02:46.387 [TestNG-tests-4] DEBUG tests.LogincTest - Clicked on Login Button
16:02:46.512 [TestNG-tests-4] DEBUG tests.LogincTest - User got logged in
16:02:46.512 [TestNG-tests-4] INFO  tests.LogincTest - Login Test got passed
16:02:46.702 [TestNG-tests-4] DEBUG tests.LogincTest - Browser got closed
16:02:48.898 [TestNG-tests-4] DEBUG tests.LogincTest - Browser got launched
16:02:51.055 [TestNG-tests-4] DEBUG tests.LogincTest - Navigated to application URL
16:02:51.155 [TestNG-tests-4] DEBUG tests.LogincTest - Clicked on My Account dropdown
16:02:51.511 [TestNG-tests-4] DEBUG tests.LogincTest - Clicked on login option
16:02:51.665 [TestNG-tests-4] DEBUG tests.LogincTest - Email addressed got entered
16:02:51.769 [TestNG-tests-4] DEBUG tests.LogincTest - Password got entered
16:02:52.260 [TestNG-tests-4] DEBUG tests.LogincTest - Clicked on Login Button
16:03:02.384 [TestNG-tests-4] DEBUG tests.LogincTest - User didn't log in
16:03:02.385 [TestNG-tests-4] INFO  tests.LogincTest - Login Test got passed
16:03:02.495 [TestNG-tests-4] DEBUG tests.LogincTest - Browser got closed
16:41:42.606 [TestNG-tests-4] DEBUG tests.LogincTest - Browser got launched
16:41:45.242 [TestNG-tests-4] DEBUG tests.LogincTest - Navigated to application URL
16:41:46.276 [TestNG-tests-4] DEBUG tests.LogincTest - Clicked on My Account dropdown
16:41:48.926 [TestNG-tests-4] DEBUG tests.LogincTest - Clicked on login option
16:41:49.316 [TestNG-tests-4] DEBUG tests.LogincTest - Email addressed got entered
16:41:49.467 [TestNG-tests-4] DEBUG tests.LogincTest - Password got entered
16:41:50.031 [TestNG-tests-4] DEBUG tests.LogincTest - Clicked on Login Button
16:41:50.137 [TestNG-tests-4] DEBUG tests.LogincTest - User got logged in
